This is pdfTeX, Version 3.141592653-2.6-1.40.24 (MiKTeX 22.7) (preloaded format=pdflatex 2022.7.20)  26 SEP 2022 12:22
entering extended mode
 restricted \write18 enabled.
 %&-line parsing enabled.
**./_ProgressReport20725728.tex
(_ProgressReport20725728.tex
LaTeX2e <2022-06-01> patch level 5
L3 programming layer <2022-07-04>
(C:\Users\Gurkin\AppData\Local\Programs\MiKTeX\tex/latex/stellenbosch\usthesis.
cls
Document Class: usthesis 2014/11/28 v5.0 Stellenbosh Thesis class (DNJ ELS)
(C:\Users\Gurkin\AppData\Local\Programs\MiKTeX\tex/latex/tools\calc.sty
Package: calc 2017/05/25 v4.3 Infix arithmetic (KKT,FJ)
\calc@Acount=\count185
\calc@Bcount=\count186
\calc@Adimen=\dimen138
\calc@Bdimen=\dimen139
\calc@Askip=\skip47
\calc@Bskip=\skip48
LaTeX Info: Redefining \setlength on input line 80.
LaTeX Info: Redefining \addtolength on input line 81.
\calc@Ccount=\count187
\calc@Cskip=\skip49
)
(C:\Users\Gurkin\AppData\Local\Programs\MiKTeX\tex/generic/iftex\ifpdf.sty
Package: ifpdf 2019/10/25 v3.4 ifpdf legacy package. Use iftex instead.

(C:\Users\Gurkin\AppData\Local\Programs\MiKTeX\tex/generic/iftex\iftex.sty
Package: iftex 2022/02/03 v1.0f TeX engine tests
))
Class usthesis Info: Input file 'usthesis.afr' loaded on input line 92.

(C:\Users\Gurkin\AppData\Local\Programs\MiKTeX\tex/latex/stellenbosch\usthesis.
afr
File: usthesis.afr 2014/11/28 v2.0 USthesis Afr defs (DNJ Els)
)
Class usthesis Info: Input file 'usthesis.eng' loaded on input line 95.

(C:\Users\Gurkin\AppData\Local\Programs\MiKTeX\tex/latex/stellenbosch\usthesis.
eng
File: usthesis.eng 2014/11/28 v2.0 USthesis Eng defs (DNJ Els)
) (C:\Users\Gurkin\AppData\Local\Programs\MiKTeX\tex/latex/base\book.cls
Document Class: book 2021/10/04 v1.4n Standard LaTeX document class
(C:\Users\Gurkin\AppData\Local\Programs\MiKTeX\tex/latex/base\bk12.clo
File: bk12.clo 2021/10/04 v1.4n Standard LaTeX file (size option)
)
\c@part=\count188
\c@chapter=\count189
\c@section=\count190
\c@subsection=\count191
\c@subsubsection=\count192
\c@paragraph=\count193
\c@subparagraph=\count194
\c@figure=\count195
\c@table=\count196
\abovecaptionskip=\skip50
\belowcaptionskip=\skip51
\bibindent=\dimen140
)
\US@tdima=\skip52
\US@tdimb=\skip53
\US@tboxa=\box51
\US@tboxb=\box52
\c@US@tcnta=\count197
\c@US@tcntb=\count198
\US@month=\count199
\US@year=\count266
)
(C:\Users\Gurkin\AppData\Local\Programs\MiKTeX\tex/latex/base\inputenc.sty
Package: inputenc 2021/02/14 v1.3d Input encoding file
\inpenc@prehook=\toks16
\inpenc@posthook=\toks17

(C:\Users\Gurkin\AppData\Local\Programs\MiKTeX\tex/latex/base\latin1.def
File: latin1.def 2021/02/14 v1.3d Input encoding file
))
(C:\Users\Gurkin\AppData\Local\Programs\MiKTeX\tex/generic/babel\babel.sty
Package: babel 2022/06/26 3.77 The Babel package
\babel@savecnt=\count267
\U@D=\dimen141
\l@unhyphenated=\language79

(C:\Users\Gurkin\AppData\Local\Programs\MiKTeX\tex/generic/babel\txtbabel.def)
\bbl@readstream=\read2
\bbl@dirlevel=\count268

*************************************
* Local config file bblopts.cfg used
*
(C:\Users\Gurkin\AppData\Local\Programs\MiKTeX\tex/latex/arabi\bblopts.cfg
File: bblopts.cfg 2005/09/08 v0.1 add Arabic and Farsi to "declared" options of
 babel
)
(C:\Users\Gurkin\AppData\Local\Programs\MiKTeX\tex/latex/babel-dutch\afrikaans.
ldf
Language: dutch 2021/08/29 v3.8l Dutch support from the babel system
Package babel Info: Making " an active character on input line 127.
)
(C:\Users\Gurkin\AppData\Local\Programs\MiKTeX\tex/latex/babel-english\english.
ldf
Language: english 2017/06/06 v3.3r English support from the babel system
Package babel Info: Hyphen rules for 'canadian' set to \l@english
(babel)             (\language0). Reported on input line 102.
Package babel Info: Hyphen rules for 'australian' set to \l@ukenglish
(babel)             (\language73). Reported on input line 105.
Package babel Info: Hyphen rules for 'newzealand' set to \l@ukenglish
(babel)             (\language73). Reported on input line 108.
))
(C:\Users\Gurkin\AppData\Local\Programs\MiKTeX\tex/generic/babel/locale/en\babe
l-english.tex
Package babel Info: Importing font and identification data for english
(babel)             from babel-en.ini. Reported on input line 11.
)
(C:\Users\Gurkin\AppData\Local\Programs\MiKTeX\tex/generic/babel/locale/af\babe
l-afrikaans.tex
Package babel Info: Importing font and identification data for afrikaans
(babel)             from babel-af.ini. Reported on input line 11.
)
(C:\Users\Gurkin\AppData\Local\Programs\MiKTeX\tex/latex/amsmath\amsmath.sty
Package: amsmath 2022/04/08 v2.17n AMS math features
\@mathmargin=\skip54

For additional information on amsmath, use the `?' option.
(C:\Users\Gurkin\AppData\Local\Programs\MiKTeX\tex/latex/amsmath\amstext.sty
Package: amstext 2021/08/26 v2.01 AMS text

(C:\Users\Gurkin\AppData\Local\Programs\MiKTeX\tex/latex/amsmath\amsgen.sty
File: amsgen.sty 1999/11/30 v2.0 generic functions
\@emptytoks=\toks18
\ex@=\dimen142
))
(C:\Users\Gurkin\AppData\Local\Programs\MiKTeX\tex/latex/amsmath\amsbsy.sty
Package: amsbsy 1999/11/29 v1.2d Bold Symbols
\pmbraise@=\dimen143
)
(C:\Users\Gurkin\AppData\Local\Programs\MiKTeX\tex/latex/amsmath\amsopn.sty
Package: amsopn 2022/04/08 v2.04 operator names
)
\inf@bad=\count269
LaTeX Info: Redefining \frac on input line 234.
\uproot@=\count270
\leftroot@=\count271
LaTeX Info: Redefining \overline on input line 399.
LaTeX Info: Redefining \colon on input line 410.
\classnum@=\count272
\DOTSCASE@=\count273
LaTeX Info: Redefining \ldots on input line 496.
LaTeX Info: Redefining \dots on input line 499.
LaTeX Info: Redefining \cdots on input line 620.
\Mathstrutbox@=\box53
\strutbox@=\box54
LaTeX Info: Redefining \big on input line 722.
LaTeX Info: Redefining \Big on input line 723.
LaTeX Info: Redefining \bigg on input line 724.
LaTeX Info: Redefining \Bigg on input line 725.
\big@size=\dimen144
LaTeX Font Info:    Redeclaring font encoding OML on input line 743.
LaTeX Font Info:    Redeclaring font encoding OMS on input line 744.
\macc@depth=\count274
LaTeX Info: Redefining \bmod on input line 905.
LaTeX Info: Redefining \pmod on input line 910.
LaTeX Info: Redefining \smash on input line 940.
LaTeX Info: Redefining \relbar on input line 970.
LaTeX Info: Redefining \Relbar on input line 971.
\c@MaxMatrixCols=\count275
\dotsspace@=\muskip16
\c@parentequation=\count276
\dspbrk@lvl=\count277
\tag@help=\toks19
\row@=\count278
\column@=\count279
\maxfields@=\count280
\andhelp@=\toks20
\eqnshift@=\dimen145
\alignsep@=\dimen146
\tagshift@=\dimen147
\tagwidth@=\dimen148
\totwidth@=\dimen149
\lineht@=\dimen150
\@envbody=\toks21
\multlinegap=\skip55
\multlinetaggap=\skip56
\mathdisplay@stack=\toks22
LaTeX Info: Redefining \[ on input line 2953.
LaTeX Info: Redefining \] on input line 2954.
)
(C:\Users\Gurkin\AppData\Local\Programs\MiKTeX\tex/latex/algorithms\algorithm.s
ty
Package: algorithm 2009/08/24 v0.1 Document Style `algorithm' - floating enviro
nment
 (C:\Users\Gurkin\AppData\Local\Programs\MiKTeX\tex/latex/float\float.sty
Package: float 2001/11/08 v1.3d Float enhancements (AL)
\c@float@type=\count281
\float@exts=\toks23
\float@box=\box55
\@float@everytoks=\toks24
\@floatcapt=\box56
)
(C:\Users\Gurkin\AppData\Local\Programs\MiKTeX\tex/latex/base\ifthen.sty
Package: ifthen 2022/04/13 v1.1d Standard LaTeX ifthen package (DPC)
)
\@float@every@algorithm=\toks25
\c@algorithm=\count282
)
(C:\Users\Gurkin\AppData\Local\Programs\MiKTeX\tex/latex/algorithmicx\algpseudo
code.sty
Package: algpseudocode 

(C:\Users\Gurkin\AppData\Local\Programs\MiKTeX\tex/latex/algorithmicx\algorithm
icx.sty
Package: algorithmicx 2005/04/27 v1.2 Algorithmicx

Document Style algorithmicx 1.2 - a greatly improved `algorithmic' style
\c@ALG@line=\count283
\c@ALG@rem=\count284
\c@ALG@nested=\count285
\ALG@tlm=\skip57
\ALG@thistlm=\skip58
\c@ALG@Lnr=\count286
\c@ALG@blocknr=\count287
\c@ALG@storecount=\count288
\c@ALG@tmpcounter=\count289
\ALG@tmplength=\skip59
)
Document Style - pseudocode environments for use with the `algorithmicx' style
) (C:\Users\Gurkin\AppData\Local\Programs\MiKTeX\tex/latex/siunitx\siunitx.sty
Package: siunitx 2022-06-22 v3.1.4 A comprehensive (SI) units package
\l__siunitx_angle_tmp_dim=\dimen151
\l__siunitx_angle_marker_box=\box57
\l__siunitx_angle_unit_box=\box58
\l__siunitx_compound_count_int=\count290

(C:\Users\Gurkin\AppData\Local\Programs\MiKTeX\tex/latex/translations\translati
ons.sty
Package: translations 2022/02/05 v1.12 internationalization of LaTeX2e packages
 (CN)

(C:\Users\Gurkin\AppData\Local\Programs\MiKTeX\tex/latex/etoolbox\etoolbox.sty
Package: etoolbox 2020/10/05 v2.5k e-TeX tools for LaTeX (JAW)
\etb@tempcnta=\count291
)
(C:\Users\Gurkin\AppData\Local\Programs\MiKTeX\tex/generic/pdftexcmds\pdftexcmd
s.sty
Package: pdftexcmds 2020-06-27 v0.33 Utility functions of pdfTeX for LuaTeX (HO
)

(C:\Users\Gurkin\AppData\Local\Programs\MiKTeX\tex/generic/infwarerr\infwarerr.
sty
Package: infwarerr 2019/12/03 v1.5 Providing info/warning/error messages (HO)
)
(C:\Users\Gurkin\AppData\Local\Programs\MiKTeX\tex/generic/ltxcmds\ltxcmds.sty
Package: ltxcmds 2020-05-10 v1.25 LaTeX kernel commands for general use (HO)
)
Package pdftexcmds Info: \pdf@primitive is available.
Package pdftexcmds Info: \pdf@ifprimitive is available.
Package pdftexcmds Info: \pdfdraftmode found.
))
\l__siunitx_number_exponent_fixed_int=\count292
\l__siunitx_number_min_decimal_int=\count293
\l__siunitx_number_min_integer_int=\count294
\l__siunitx_number_round_precision_int=\count295
\l__siunitx_number_group_first_int=\count296
\l__siunitx_number_group_size_int=\count297
\l__siunitx_number_group_minimum_int=\count298
\l__siunitx_table_tmp_box=\box59
\l__siunitx_table_tmp_dim=\dimen152
\l__siunitx_table_column_width_dim=\dimen153
\l__siunitx_table_integer_box=\box60
\l__siunitx_table_decimal_box=\box61
\l__siunitx_table_before_box=\box62
\l__siunitx_table_after_box=\box63
\l__siunitx_table_before_dim=\dimen154
\l__siunitx_table_carry_dim=\dimen155
\l__siunitx_unit_tmp_int=\count299
\l__siunitx_unit_position_int=\count300
\l__siunitx_unit_total_int=\count301
 (C:\Users\Gurkin\AppData\Local\Programs\MiKTeX\tex/latex/tools\array.sty
Package: array 2021/10/04 v2.5f Tabular extension package (FMi)
\col@sep=\dimen156
\ar@mcellbox=\box64
\extrarowheight=\dimen157
\NC@list=\toks26
\extratabsurround=\skip60
\backup@length=\skip61
\ar@cellbox=\box65
))
(C:\Users\Gurkin\AppData\Local\Programs\MiKTeX\tex/latex/base\fontenc.sty
Package: fontenc 2021/04/29 v2.0v Standard LaTeX package
)
(C:\Users\Gurkin\AppData\Local\Programs\MiKTeX\tex/latex/base\textcomp.sty
Package: textcomp 2020/02/02 v2.0n Standard LaTeX package
)
(C:\Users\Gurkin\AppData\Local\Programs\MiKTeX\tex/latex/tools\bm.sty
Package: bm 2021/04/25 v1.2e Bold Symbol Support (DPC/FMi)
\symboldoperators=\mathgroup4
\symboldletters=\mathgroup5
\symboldsymbols=\mathgroup6
Package bm Info: No bold for \OMX/cmex/m/n, using \pmb.
LaTeX Font Info:    Redeclaring math alphabet \mathbf on input line 149.
)
(C:\Users\Gurkin\AppData\Local\Programs\MiKTeX\tex/latex/stellenbosch\usnomencl
.sty
Package: usnomencl 2008/05/30 v1.1 Stellenbosh Thesis Nomenclature (DNJ ELS)
\USN@tdima=\skip62
\USN@NomGrpSep=\skip63
\NomGrpSep=\skip64
\NomItmSep=\skip65
\NomItmMrg=\skip66
\NomLblSep=\skip67
\UnitLabelWdth=\skip68
)
(C:\Users\Gurkin\AppData\Local\Programs\MiKTeX\tex/latex/stellenbosch\usbib.sty
Package: usbib 2009/03/07 1.0 (DNJ Els)
(C:\Users\Gurkin\AppData\Local\Programs\MiKTeX\tex/latex/natbib\natbib.sty
Package: natbib 2010/09/13 8.31b (PWD, AO)
\bibhang=\skip69
\bibsep=\skip70
LaTeX Info: Redefining \cite on input line 694.
\c@NAT@ctr=\count302
))
(C:\Users\Gurkin\AppData\Local\Programs\MiKTeX\tex/latex/graphics\graphicx.sty
Package: graphicx 2021/09/16 v1.2d Enhanced LaTeX Graphics (DPC,SPQR)

(C:\Users\Gurkin\AppData\Local\Programs\MiKTeX\tex/latex/graphics\keyval.sty
Package: keyval 2022/05/29 v1.15 key=value parser (DPC)
\KV@toks@=\toks27
)
(C:\Users\Gurkin\AppData\Local\Programs\MiKTeX\tex/latex/graphics\graphics.sty
Package: graphics 2022/03/10 v1.4e Standard LaTeX Graphics (DPC,SPQR)

(C:\Users\Gurkin\AppData\Local\Programs\MiKTeX\tex/latex/graphics\trig.sty
Package: trig 2021/08/11 v1.11 sin cos tan (DPC)
)
(C:\Users\Gurkin\AppData\Local\Programs\MiKTeX\tex/latex/graphics-cfg\graphics.
cfg
File: graphics.cfg 2016/06/04 v1.11 sample graphics configuration
)
Package graphics Info: Driver file: pdftex.def on input line 107.

(C:\Users\Gurkin\AppData\Local\Programs\MiKTeX\tex/latex/graphics-def\pdftex.de
f
File: pdftex.def 2020/10/05 v1.2a Graphics/color driver for pdftex
))
\Gin@req@height=\dimen158
\Gin@req@width=\dimen159
)
(C:\Users\Gurkin\AppData\Local\Programs\MiKTeX\tex/latex/graphics\color.sty
Package: color 2022/01/06 v1.3d Standard LaTeX Color (DPC)

(C:\Users\Gurkin\AppData\Local\Programs\MiKTeX\tex/latex/graphics-cfg\color.cfg
File: color.cfg 2016/01/02 v1.6 sample color configuration
)
Package color Info: Driver file: pdftex.def on input line 149.

(C:\Users\Gurkin\AppData\Local\Programs\MiKTeX\tex/latex-dev/graphics\mathcolor
.ltx))
(C:\Users\Gurkin\AppData\Local\Programs\MiKTeX\tex/latex/multirow\multirow.sty
Package: multirow 2021/03/15 v2.8 Span multiple rows of a table
\multirow@colwidth=\skip71
\multirow@cntb=\count303
\multirow@dima=\skip72
\bigstrutjot=\dimen160
) (C:\Users\Gurkin\AppData\Local\Programs\MiKTeX\tex/latex/tools\tabularx.sty
Package: tabularx 2020/01/15 v2.11c `tabularx' package (DPC)
\TX@col@width=\dimen161
\TX@old@table=\dimen162
\TX@old@col=\dimen163
\TX@target=\dimen164
\TX@delta=\dimen165
\TX@cols=\count304
\TX@ftn=\toks28
)
(C:\Users\Gurkin\AppData\Local\Programs\MiKTeX\tex/latex/stellenbosch\ussummary
.sty
Package: ussummary 2006/03/08 v1.0a Stellenbosh Mech Eng Summary page (DNJ ELS)


(C:\Users\Gurkin\AppData\Local\Programs\MiKTeX\tex/latex/tools\longtable.sty
Package: longtable 2021-09-01 v4.17 Multi-page Table package (DPC)
\LTleft=\skip73
\LTright=\skip74
\LTpre=\skip75
\LTpost=\skip76
\LTchunksize=\count305
\LTcapwidth=\dimen166
\LT@head=\box66
\LT@firsthead=\box67
\LT@foot=\box68
\LT@lastfoot=\box69
\LT@gbox=\box70
\LT@cols=\count306
\LT@rows=\count307
\c@LT@tables=\count308
\c@LT@chunks=\count309
\LT@p@ftn=\toks29
)
(C:\Users\Gurkin\AppData\Local\Programs\MiKTeX\tex/latex/colortbl\colortbl.sty
Package: colortbl 2020/01/04 v1.0e Color table columns (DPC)
\everycr=\toks30
\minrowclearance=\skip77
)
\USS@tdima=\skip78
\USS@tdimb=\skip79
)
(C:\Users\Gurkin\AppData\Local\Programs\MiKTeX\tex/latex/l3backend\l3backend-pd
ftex.def
File: l3backend-pdftex.def 2022-07-01 L3 backend support: PDF output (pdfTeX)
\l__color_backend_stack_int=\count310
\l__pdf_internal_box=\box71
) (_ProgressReport20725728.aux (declaration.aux) (summary.aux)
(Chp-1 Intro.aux) (Chp-2 Lit Review.aux) (Chp-3 Methodology.aux)
(Chp-4 Testing.aux))
\openout1 = `_ProgressReport20725728.aux'.

LaTeX Font Info:    Checking defaults for OML/cmm/m/it on input line 83.
LaTeX Font Info:    ... okay on input line 83.
LaTeX Font Info:    Checking defaults for OMS/cmsy/m/n on input line 83.
LaTeX Font Info:    ... okay on input line 83.
LaTeX Font Info:    Checking defaults for OT1/cmr/m/n on input line 83.
LaTeX Font Info:    ... okay on input line 83.
LaTeX Font Info:    Checking defaults for T1/cmr/m/n on input line 83.
LaTeX Font Info:    ... okay on input line 83.
LaTeX Font Info:    Checking defaults for TS1/cmr/m/n on input line 83.
LaTeX Font Info:    ... okay on input line 83.
LaTeX Font Info:    Checking defaults for OMX/cmex/m/n on input line 83.
LaTeX Font Info:    ... okay on input line 83.
LaTeX Font Info:    Checking defaults for U/cmr/m/n on input line 83.
LaTeX Font Info:    ... okay on input line 83.

(C:\Users\Gurkin\AppData\Local\Programs\MiKTeX\tex/latex/translations/dicts\tra
nslations-basic-dictionary-english.trsl
File: translations-basic-dictionary-english.trsl (english translation file `tra
nslations-basic-dictionary')
)
Package translations Info: loading dictionary `translations-basic-dictionary' f
or `english'. on input line 83.
Package translations Info: no dictionary file `translations-basic-dictionary-af
rikaans.trsl' found. on input line 83.

(C:\Users\Gurkin\AppData\Local\Programs\MiKTeX\tex/context/base/mkii\supp-pdf.m
kii
[Loading MPS to PDF converter (version 2006.09.02).]
\scratchcounter=\count311
\scratchdimen=\dimen167
\scratchbox=\box72
\nofMPsegments=\count312
\nofMParguments=\count313
\everyMPshowfont=\toks31
\MPscratchCnt=\count314
\MPscratchDim=\dimen168
\MPnumerator=\count315
\makeMPintoPDFobject=\count316
\everyMPtoPDFconversion=\toks32
)
(C:\Users\Gurkin\AppData\Local\Programs\MiKTeX\tex/latex/epstopdf-pkg\epstopdf-
base.sty
Package: epstopdf-base 2020-01-24 v2.11 Base part for package epstopdf
Package epstopdf-base Info: Redefining graphics rule for `.eps' on input line 4
85.

(C:\Users\Gurkin\AppData\Local\Programs\MiKTeX\tex/latex/00miktex\epstopdf-sys.
cfg
File: epstopdf-sys.cfg 2021/03/18 v2.0 Configuration of epstopdf for MiKTeX
))
<USlogo-top.pdf, id=1, 560.0925pt x 183.68625pt>
File: USlogo-top.pdf Graphic file (type pdf)
<use USlogo-top.pdf>
Package pdftex.def Info: USlogo-top.pdf  used on input line 87.
(pdftex.def)             Requested size: 284.52756pt x 93.31717pt.
 [1



{C:/Users/Gurkin/AppData/Local/MiKTeX/fonts/map/pdftex/pdftex.map} <C:/Users/Gu
rkin/AppData/Local/Programs/MiKTeX/tex/latex/stellenbosch/logos/USlogo-top.pdf>
]
\openout2 = `declaration.aux'.

 (declaration.tex
LaTeX Font Info:    Trying to load font information for T1+cmss on input line 1
.

(C:\Users\Gurkin\AppData\Local\Programs\MiKTeX\tex/latex/base\t1cmss.fd
File: t1cmss.fd 2019/12/16 v2.5j Standard LaTeX font definitions
))
[1


]
\openout2 = `summary.aux'.

 (summary.tex
Overfull \hbox (17.67503pt too wide) in alignment at lines 10--47
 [] 
 []

) [2




] (_ProgressReport20725728.toc [3



])
\tf@toc=\write3
\openout3 = `_ProgressReport20725728.toc'.

 [4] (_ProgressReport20725728.lof)
\tf@lof=\write4
\openout4 = `_ProgressReport20725728.lof'.


[5

] (_ProgressReport20725728.lot)
\tf@lot=\write5
\openout5 = `_ProgressReport20725728.lot'.

 [6

]
\openout2 = `"Chp-1 Intro.aux"'.

 (Chp-1 Intro.tex
Chapter 1.
[1



]) [2]
\openout2 = `"Chp-2 Lit Review.aux"'.

 (Chp-2 Lit Review.tex
Chapter 2.
<figures/historyGPS.jpg, id=54, 456.0237pt x 369.66106pt>
File: figures/historyGPS.jpg Graphic file (type jpg)
<use figures/historyGPS.jpg>
Package pdftex.def Info: figures/historyGPS.jpg  used on input line 6.
(pdftex.def)             Requested size: 274.29742pt x 222.35677pt.
[3




 <./figures/historyGPS.jpg>] [4]
<figures/GPStriangle.png, id=63, 602.25pt x 602.25pt>
File: figures/GPStriangle.png Graphic file (type png)
<use figures/GPStriangle.png>
Package pdftex.def Info: figures/GPStriangle.png  used on input line 31.
(pdftex.def)             Requested size: 211.0pt x 211.00201pt.
 [5] [6 <./figures/GPStriangle.png>]
<figures/tiltedDipole.jpg, id=73, 302.63063pt x 216.05719pt>
File: figures/tiltedDipole.jpg Graphic file (type jpg)
<use figures/tiltedDipole.jpg>
Package pdftex.def Info: figures/tiltedDipole.jpg  used on input line 44.
(pdftex.def)             Requested size: 274.29742pt x 195.831pt.
<figures/PWM.jpg, id=74, 353.82187pt x 379.4175pt>
File: figures/PWM.jpg Graphic file (type jpg)
<use figures/PWM.jpg>
Package pdftex.def Info: figures/PWM.jpg  used on input line 53.
(pdftex.def)             Requested size: 211.0pt x 226.26857pt.
 [7 <./figures/tiltedDipole.jpg>] [8 <./figures/PWM.jpg>]
<figures/PulseWideWave.jpg, id=81, 293.59688pt x 219.82124pt>
File: figures/PulseWideWave.jpg Graphic file (type jpg)
<use figures/PulseWideWave.jpg>
Package pdftex.def Info: figures/PulseWideWave.jpg  used on input line 68.
(pdftex.def)             Requested size: 274.29742pt x 205.3708pt.
<figures/DigitalSignal.jpg, id=82, 398.23781pt x 199.49532pt>
File: figures/DigitalSignal.jpg Graphic file (type jpg)
<use figures/DigitalSignal.jpg>
Package pdftex.def Info: figures/DigitalSignal.jpg  used on input line 76.
(pdftex.def)             Requested size: 316.5pt x 158.55539pt.
 [9 <./figures/PulseWideWave.jpg>]

LaTeX Warning: Command \^ invalid in math mode on input line 85.

Missing character: There is no Â in font cmr12!

LaTeX Warning: Command \^ invalid in math mode on input line 85.

Missing character: There is no Â in font cmr12!
[10 <./figures/DigitalSignal.jpg>]
<figures/AnalogSignal.jpg, id=92, 398.23781pt x 199.49532pt>
File: figures/AnalogSignal.jpg Graphic file (type jpg)
<use figures/AnalogSignal.jpg>
Package pdftex.def Info: figures/AnalogSignal.jpg  used on input line 88.
(pdftex.def)             Requested size: 316.5pt x 158.55539pt.
) [11 <./figures/AnalogSignal.jpg>]
\openout2 = `"Chp-3 Methodology.aux"'.


(Chp-3 Methodology.tex
Chapter 3.
[12




]
<figures/spider3.jpg, id=100, 1284.8pt x 963.6pt>
File: figures/spider3.jpg Graphic file (type jpg)
<use figures/spider3.jpg>
Package pdftex.def Info: figures/spider3.jpg  used on input line 18.
(pdftex.def)             Requested size: 274.29742pt x 205.71432pt.
 [13] [14 <./figures/spider3.jpg>]
<figures/throttle.jpg, id=108, 1284.8pt x 963.6pt>
File: figures/throttle.jpg Graphic file (type jpg)
<use figures/throttle.jpg>
Package pdftex.def Info: figures/throttle.jpg  used on input line 34.
(pdftex.def)             Requested size: 232.10129pt x 174.07275pt.
<figures/Wiring diagram.jpg, id=109, 1712.3975pt x 853.1875pt>
File: figures/Wiring diagram.jpg Graphic file (type jpg)
<use figures/Wiring diagram.jpg>
Package pdftex.def Info: figures/Wiring diagram.jpg  used on input line 49.
(pdftex.def)             Requested size: 400.89871pt x 199.744pt.
 [15 <./figures/throttle.jpg>]
<figures/DUE.jpg, id=113, 144.54pt x 144.54pt>
File: figures/DUE.jpg Graphic file (type jpg)
<use figures/DUE.jpg>
Package pdftex.def Info: figures/DUE.jpg  used on input line 57.
(pdftex.def)             Requested size: 232.10129pt x 232.11339pt.
 [16 <./figures/Wiring diagram.jpg>] [17 <./figures/DUE.jpg>] [18]
<figures/POT.jpg, id=124, 606.265pt x 730.73pt>
File: figures/POT.jpg Graphic file (type jpg)
<use figures/POT.jpg>
Package pdftex.def Info: figures/POT.jpg  used on input line 107.
(pdftex.def)             Requested size: 105.5pt x 127.1549pt.
<figures/BoxCircuit.jpg, id=125, 1549.79pt x 1017.8025pt>
File: figures/BoxCircuit.jpg Graphic file (type jpg)
<use figures/BoxCircuit.jpg>
Package pdftex.def Info: figures/BoxCircuit.jpg  used on input line 116.
(pdftex.def)             Requested size: 274.29742pt x 180.13705pt.
<figures/controlBox.jpg, id=126, 1284.8pt x 722.7pt>
File: figures/controlBox.jpg Graphic file (type jpg)
<use figures/controlBox.jpg>
Package pdftex.def Info: figures/controlBox.jpg  used on input line 124.
(pdftex.def)             Requested size: 358.70258pt x 201.77016pt.

Underfull \hbox (badness 10000) in paragraph at lines 139--139
[]|\T1/cmr/m/n/12 Navigation
 []


Underfull \hbox (badness 10000) in paragraph at lines 141--141
[]|\T1/cmr/m/n/12 Contingency
 []


Overfull \hbox (37.59354pt too wide) in paragraph at lines 133--154
 [] 
 []

[19 <./figures/POT.jpg>] [20 <./figures/BoxCircuit.jpg> <./figures/controlBox.j
pg>]
<figures/pwmGen.jpg, id=134, 1282.7925pt x 545.03625pt>
File: figures/pwmGen.jpg Graphic file (type jpg)
<use figures/pwmGen.jpg>
Package pdftex.def Info: figures/pwmGen.jpg  used on input line 161.
(pdftex.def)             Requested size: 130.81897pt x 55.57965pt.
 [21 <./figures/pwmGen.jpg>] [22]
Overfull \hbox (48.84915pt too wide) in paragraph at lines 216--219
 [] 
 []

[23]
<figures/statemachine.png, id=145, 1854.93pt x 1797.71625pt>
File: figures/statemachine.png Graphic file (type png)
<use figures/statemachine.png>
Package pdftex.def Info: figures/statemachine.png  used on input line 281.
(pdftex.def)             Requested size: 278.52155pt x 269.9201pt.
<figures/UpdatePWM.jpg, id=146, 825.0825pt x 1708.3825pt>
File: figures/UpdatePWM.jpg Graphic file (type jpg)
<use figures/UpdatePWM.jpg>
Package pdftex.def Info: figures/UpdatePWM.jpg  used on input line 296.
(pdftex.def)             Requested size: 232.10129pt x 480.55962pt.
 [24]

LaTeX Warning: Text page 25 contains only floats.

[25 <./figures/statemachine.png>] [26] [27 <./figures/UpdatePWM.jpg>]
<figures/receiveGPS.jpg, id=165, 805.0075pt x 1166.3575pt>
File: figures/receiveGPS.jpg Graphic file (type jpg)
<use figures/receiveGPS.jpg>
Package pdftex.def Info: figures/receiveGPS.jpg  used on input line 362.
(pdftex.def)             Requested size: 253.20258pt x 366.85284pt.
<figures/autoNav.jpg, id=166, 1226.5825pt x 2091.815pt>
File: figures/autoNav.jpg Graphic file (type jpg)
<use figures/autoNav.jpg>
Package pdftex.def Info: figures/autoNav.jpg  used on input line 371.
(pdftex.def)             Requested size: 295.39871pt x 503.76945pt.
) [28]
[29 <./figures/receiveGPS.jpg>] [30] [31 <./figures/autoNav.jpg>] [32]
\openout2 = `"Chp-4 Testing.aux"'.


(Chp-4 Testing.tex
Chapter 4.
) [33




] (_ProgressReport20725728.bbl
(C:\Users\Gurkin\AppData\Local\Programs\MiKTeX\tex/latex/stellenbosch\usbib.eng
)
LaTeX Font Info:    Trying to load font information for T1+cmtt on input line 2
6.
 (C:\Users\Gurkin\AppData\Local\Programs\MiKTeX\tex/latex/base\t1cmtt.fd
File: t1cmtt.fd 2019/12/16 v2.5j Standard LaTeX font definitions
)
Overfull \hbox (48.1426pt too wide) in paragraph at lines 23--27
\T1/cmr/m/n/10.95 Available at: \T1/cmtt/m/n/10.95 https://www.aiaa.org/docs/de
fault-source/uploadedfiles/about-aiaa/pres
 []


Overfull \hbox (48.1426pt too wide) in paragraph at lines 30--33
\T1/cmr/m/n/10.95 Available at: \T1/cmtt/m/n/10.95 https://www.safety-devices.c
om/how-does-digital-compass-work-a-12.html 
 []


Overfull \hbox (48.1426pt too wide) in paragraph at lines 49--53
\T1/cmr/m/n/10.95 Available at: \T1/cmtt/m/n/10.95 https://www.faa.gov/about/of
fice_org/headquarters_offices/ato/service_
 []


Overfull \hbox (53.80096pt too wide) in paragraph at lines 61--65
\T1/cmr/m/n/10.95 Available at: \T1/cmtt/m/n/10.95 https://www.rmg.co.uk/storie
s/topics/true-north-magnetic-north-whats-di
 []


Overfull \hbox (53.80096pt too wide) in paragraph at lines 67--71
\T1/cmr/m/n/10.95 Available at: \T1/cmtt/m/n/10.95 https://www.nasa.gov/directo
rates/heo/scan/communications/policy/GPS_Hi
 []


Overfull \hbox (42.48422pt too wide) in paragraph at lines 73--76
\T1/cmr/m/n/10.95 Available at: \T1/cmtt/m/n/10.95 https://www.losangeles.space
force.mil/News/Photos/igphoto/2000044571/ 
 []

) [34




] (_ProgressReport20725728.aux (declaration.aux) (summary.aux)
(Chp-1 Intro.aux) (Chp-2 Lit Review.aux) (Chp-3 Methodology.aux)
(Chp-4 Testing.aux)) ) 
Here is how much of TeX's memory you used:
 10193 strings out of 478338
 223133 string characters out of 2836228
 511879 words of memory out of 3000000
 28358 multiletter control sequences out of 15000+600000
 502988 words of font info for 96 fonts, out of 8000000 for 9000
 1141 hyphenation exceptions out of 8191
 71i,16n,77p,1863b,788s stack positions out of 10000i,1000n,20000p,200000b,80000s
 <C:\Users\Gurkin\AppData\Local\MiKTeX\fonts/pk/ljfour/jk
nappen/ec/dpi600\ectt1095.pk> <C:\Users\Gurkin\AppData\Local\MiKTeX\fonts/pk/lj
four/jknappen/ec/dpi600\ecti0800.pk> <C:\Users\Gurkin\AppData\Local\MiKTeX\font
s/pk/ljfour/jknappen/ec/dpi600\ecti1095.pk> <C:\Users\Gurkin\AppData\Local\MiKT
eX\fonts/pk/ljfour/jknappen/ec/dpi600\eccc1200.pk> <C:\Users\Gurkin\AppData\Loc
al\MiKTeX\fonts/pk/ljfour/jknappen/ec/dpi600\ecrm1000.pk> <C:\Users\Gurkin\AppD
ata\Local\MiKTeX\fonts/pk/ljfour/jknappen/ec/dpi600\ecrm0800.pk> <C:\Users\Gurk
in\AppData\Local\MiKTeX\fonts/pk/ljfour/jknappen/ec/dpi600\ecbx1095.pk> <C:\Use
rs\Gurkin\AppData\Local\MiKTeX\fonts/pk/ljfour/jknappen/ec/dpi600\ecbx1440.pk> 
<C:\Users\Gurkin\AppData\Local\MiKTeX\fonts/pk/ljfour/jknappen/ec/dpi600\tcrm12
00.pk> <C:\Users\Gurkin\AppData\Local\MiKTeX\fonts/pk/ljfour/jknappen/ec/dpi600
\ecbx1728.pk> <C:\Users\Gurkin\AppData\Local\MiKTeX\fonts/pk/ljfour/jknappen/ec
/dpi600\ecti1200.pk> <C:\Users\Gurkin\AppData\Local\MiKTeX\fonts/pk/ljfour/jkna
ppen/ec/dpi600\ecsl1095.pk> <C:\Users\Gurkin\AppData\Local\MiKTeX\fonts/pk/ljfo
ur/jknappen/ec/dpi600\ecbx2488.pk> <C:\Users\Gurkin\AppData\Local\MiKTeX\fonts/
pk/ljfour/jknappen/ec/dpi600\ecrm1095.pk> <C:\Users\Gurkin\AppData\Local\MiKTeX
\fonts/pk/ljfour/jknappen/ec/dpi600\ecsx1095.pk> <C:\Users\Gurkin\AppData\Local
\MiKTeX\fonts/pk/ljfour/jknappen/ec/dpi600\ecss1200.pk> <C:\Users\Gurkin\AppDat
a\Local\MiKTeX\fonts/pk/ljfour/jknappen/ec/dpi600\ecbx1200.pk> <C:\Users\Gurkin
\AppData\Local\MiKTeX\fonts/pk/ljfour/jknappen/ec/dpi600\ecsx1440.pk> <C:\Users
\Gurkin\AppData\Local\MiKTeX\fonts/pk/ljfour/jknappen/ec/dpi600\ecrm1200.pk> <C
:\Users\Gurkin\AppData\Local\MiKTeX\fonts/pk/ljfour/jknappen/ec/dpi600\ecsl1440
.pk> <C:\Users\Gurkin\AppData\Local\MiKTeX\fonts/pk/ljfour/jknappen/ec/dpi600\e
crm1728.pk> <C:\Users\Gurkin\AppData\Local\MiKTeX\fonts/pk/ljfour/jknappen/ec/d
pi600\ecrm1440.pk> <C:\Users\Gurkin\AppData\Local\MiKTeX\fonts/pk/ljfour/jknapp
en/ec/dpi600\ecrm2074.pk><C:/Users/Gurkin/AppData/Local/Programs/MiKTeX/fonts/t
ype1/public/amsfonts/cm/cmmi12.pfb><C:/Users/Gurkin/AppData/Local/Programs/MiKT
eX/fonts/type1/public/amsfonts/cm/cmmi8.pfb><C:/Users/Gurkin/AppData/Local/Prog
rams/MiKTeX/fonts/type1/public/amsfonts/cm/cmr12.pfb><C:/Users/Gurkin/AppData/L
ocal/Programs/MiKTeX/fonts/type1/public/amsfonts/cm/cmr8.pfb><C:/Users/Gurkin/A
ppData/Local/Programs/MiKTeX/fonts/type1/public/amsfonts/cm/cmsy10.pfb><C:/User
s/Gurkin/AppData/Local/Programs/MiKTeX/fonts/type1/public/amsfonts/cm/cmsy8.pfb
>
Output written on _ProgressReport20725728.pdf (41 pages, 2699700 bytes).
PDF statistics:
 940 PDF objects out of 1000 (max. 8388607)
 0 named destinations out of 1000 (max. 500000)
 101 words of extra memory for PDF output out of 10000 (max. 10000000)

