This is pdfTeX, Version 3.141592653-2.6-1.40.24 (MiKTeX 22.3) (preloaded format=pdflatex 2022.5.12)  12 MAY 2022 12:30
entering extended mode
 restricted \write18 enabled.
 %&-line parsing enabled.
**./document.tex
(document.tex
LaTeX2e <2021-11-15> patch level 1
L3 programming layer <2022-04-29>
(C:\Users\Gurkin\AppData\Local\Programs\MiKTeX\tex/latex/stellenbosch\usthesis.
cls
Document Class: usthesis 2014/11/28 v5.0 Stellenbosh Thesis class (DNJ ELS)
(C:\Users\Gurkin\AppData\Local\Programs\MiKTeX\tex/latex/tools\calc.sty
Package: calc 2017/05/25 v4.3 Infix arithmetic (KKT,FJ)
\calc@Acount=\count185
\calc@Bcount=\count186
\calc@Adimen=\dimen138
\calc@Bdimen=\dimen139
\calc@Askip=\skip47
\calc@Bskip=\skip48
LaTeX Info: Redefining \setlength on input line 80.
LaTeX Info: Redefining \addtolength on input line 81.
\calc@Ccount=\count187
\calc@Cskip=\skip49
)
(C:\Users\Gurkin\AppData\Local\Programs\MiKTeX\tex/generic/iftex\ifpdf.sty
Package: ifpdf 2019/10/25 v3.4 ifpdf legacy package. Use iftex instead.

(C:\Users\Gurkin\AppData\Local\Programs\MiKTeX\tex/generic/iftex\iftex.sty
Package: iftex 2022/02/03 v1.0f TeX engine tests
))
Class usthesis Info: Input file 'usthesis.afr' loaded on input line 92.

(C:\Users\Gurkin\AppData\Local\Programs\MiKTeX\tex/latex/stellenbosch\usthesis.
afr
File: usthesis.afr 2014/11/28 v2.0 USthesis Afr defs (DNJ Els)
)
Class usthesis Info: Input file 'usthesis.eng' loaded on input line 95.

(C:\Users\Gurkin\AppData\Local\Programs\MiKTeX\tex/latex/stellenbosch\usthesis.
eng
File: usthesis.eng 2014/11/28 v2.0 USthesis Eng defs (DNJ Els)
) (C:\Users\Gurkin\AppData\Local\Programs\MiKTeX\tex/latex/base\book.cls
Document Class: book 2021/10/04 v1.4n Standard LaTeX document class
(C:\Users\Gurkin\AppData\Local\Programs\MiKTeX\tex/latex/base\bk12.clo
File: bk12.clo 2021/10/04 v1.4n Standard LaTeX file (size option)
)
\c@part=\count188
\c@chapter=\count189
\c@section=\count190
\c@subsection=\count191
\c@subsubsection=\count192
\c@paragraph=\count193
\c@subparagraph=\count194
\c@figure=\count195
\c@table=\count196
\abovecaptionskip=\skip50
\belowcaptionskip=\skip51
\bibindent=\dimen140
)
\US@tdima=\skip52
\US@tdimb=\skip53
\US@tboxa=\box50
\US@tboxb=\box51
\c@US@tcnta=\count197
\c@US@tcntb=\count198
\US@month=\count199
\US@year=\count266
)
(C:\Users\Gurkin\AppData\Local\Programs\MiKTeX\tex/latex/graphics\graphicx.sty
Package: graphicx 2021/09/16 v1.2d Enhanced LaTeX Graphics (DPC,SPQR)

(C:\Users\Gurkin\AppData\Local\Programs\MiKTeX\tex/latex/graphics\keyval.sty
Package: keyval 2014/10/28 v1.15 key=value parser (DPC)
\KV@toks@=\toks16
)
(C:\Users\Gurkin\AppData\Local\Programs\MiKTeX\tex/latex/graphics\graphics.sty
Package: graphics 2021/03/04 v1.4d Standard LaTeX Graphics (DPC,SPQR)

(C:\Users\Gurkin\AppData\Local\Programs\MiKTeX\tex/latex/graphics\trig.sty
Package: trig 2021/08/11 v1.11 sin cos tan (DPC)
)
(C:\Users\Gurkin\AppData\Local\Programs\MiKTeX\tex/latex/graphics-cfg\graphics.
cfg
File: graphics.cfg 2016/06/04 v1.11 sample graphics configuration
)
Package graphics Info: Driver file: pdftex.def on input line 107.

(C:\Users\Gurkin\AppData\Local\Programs\MiKTeX\tex/latex/graphics-def\pdftex.de
f
File: pdftex.def 2020/10/05 v1.2a Graphics/color driver for pdftex
))
\Gin@req@height=\dimen141
\Gin@req@width=\dimen142
)
(C:\Users\Gurkin\AppData\Local\Programs\MiKTeX\tex/latex/graphics\color.sty
Package: color 2021/12/07 v1.3c Standard LaTeX Color (DPC)

(C:\Users\Gurkin\AppData\Local\Programs\MiKTeX\tex/latex/graphics-cfg\color.cfg
File: color.cfg 2016/01/02 v1.6 sample color configuration
)
Package color Info: Driver file: pdftex.def on input line 149.
)
(C:\Users\Gurkin\AppData\Local\Programs\MiKTeX\tex/latex/l3backend\l3backend-pd
ftex.def
File: l3backend-pdftex.def 2022-04-20 L3 backend support: PDF output (pdfTeX)
\l__color_backend_stack_int=\count267
\l__pdf_internal_box=\box52
) (document.aux (declaration.aux) (chapter1.aux))
\openout1 = `document.aux'.

LaTeX Font Info:    Checking defaults for OML/cmm/m/it on input line 16.
LaTeX Font Info:    ... okay on input line 16.
LaTeX Font Info:    Checking defaults for OMS/cmsy/m/n on input line 16.
LaTeX Font Info:    ... okay on input line 16.
LaTeX Font Info:    Checking defaults for OT1/cmr/m/n on input line 16.
LaTeX Font Info:    ... okay on input line 16.
LaTeX Font Info:    Checking defaults for T1/cmr/m/n on input line 16.
LaTeX Font Info:    ... okay on input line 16.
LaTeX Font Info:    Checking defaults for TS1/cmr/m/n on input line 16.
LaTeX Font Info:    ... okay on input line 16.
LaTeX Font Info:    Checking defaults for OMX/cmex/m/n on input line 16.
LaTeX Font Info:    ... okay on input line 16.
LaTeX Font Info:    Checking defaults for U/cmr/m/n on input line 16.
LaTeX Font Info:    ... okay on input line 16.

(C:\Users\Gurkin\AppData\Local\Programs\MiKTeX\tex/context/base/mkii\supp-pdf.m
kii
[Loading MPS to PDF converter (version 2006.09.02).]
\scratchcounter=\count268
\scratchdimen=\dimen143
\scratchbox=\box53
\nofMPsegments=\count269
\nofMParguments=\count270
\everyMPshowfont=\toks17
\MPscratchCnt=\count271
\MPscratchDim=\dimen144
\MPnumerator=\count272
\makeMPintoPDFobject=\count273
\everyMPtoPDFconversion=\toks18
)
(C:\Users\Gurkin\AppData\Local\Programs\MiKTeX\tex/latex/epstopdf-pkg\epstopdf-
base.sty
Package: epstopdf-base 2020-01-24 v2.11 Base part for package epstopdf
Package epstopdf-base Info: Redefining graphics rule for `.eps' on input line 4
85.

(C:\Users\Gurkin\AppData\Local\Programs\MiKTeX\tex/latex/00miktex\epstopdf-sys.
cfg
File: epstopdf-sys.cfg 2021/03/18 v2.0 Configuration of epstopdf for MiKTeX
))
<USlogo-top.pdf, id=1, 560.0925pt x 183.68625pt>
File: USlogo-top.pdf Graphic file (type pdf)
<use USlogo-top.pdf>
Package pdftex.def Info: USlogo-top.pdf  used on input line 19.
(pdftex.def)             Requested size: 284.52756pt x 93.31717pt.
LaTeX Font Info:    External font `cmex10' loaded for size
(Font)              <17.28> on input line 19.
LaTeX Font Info:    External font `cmex10' loaded for size
(Font)              <12> on input line 19.
LaTeX Font Info:    External font `cmex10' loaded for size
(Font)              <8> on input line 19.
LaTeX Font Info:    External font `cmex10' loaded for size
(Font)              <6> on input line 19.
 [1



{C:/Users/Gurkin/AppData/Local/MiKTeX/fonts/map/pdftex/pdftex.map} <C:/Users/Gu
rkin/AppData/Local/Programs/MiKTeX/tex/latex/stellenbosch/logos/USlogo-top.pdf>
]
\openout2 = `declaration.aux'.

 (declaration.tex) [1


] (document.toc)
\tf@toc=\write3
\openout3 = `document.toc'.

 [2



] (document.lof)
\tf@lof=\write4
\openout4 = `document.lof'.

 [3

]
(document.lot)
\tf@lot=\write5
\openout5 = `document.lot'.

 [4

]
\openout2 = `chapter1.aux'.

 (chapter1.tex
Chapter 1.
) [1



] (document.aux (declaration.aux) (chapter1.aux)) ) 
Here is how much of TeX's memory you used:
 1896 strings out of 478619
 32557 string characters out of 2842773
 321628 words of memory out of 3000000
 20034 multiletter control sequences out of 15000+600000
 475385 words of font info for 48 fonts, out of 8000000 for 9000
 1141 hyphenation exceptions out of 8191
 55i,6n,62p,205b,257s stack positions out of 10000i,1000n,20000p,200000b,80000s
<C:/Users/Gurkin/AppData/Loc
al/Programs/MiKTeX/fonts/type1/public/amsfonts/cm/cmbx12.pfb><C:/Users/Gurkin/A
ppData/Local/Programs/MiKTeX/fonts/type1/public/amsfonts/cm/cmr12.pfb><C:/Users
/Gurkin/AppData/Local/Programs/MiKTeX/fonts/type1/public/amsfonts/cm/cmr17.pfb>
<C:/Users/Gurkin/AppData/Local/Programs/MiKTeX/fonts/type1/public/amsfonts/cm/c
msl12.pfb>
Output written on document.pdf (6 pages, 70553 bytes).
PDF statistics:
 50 PDF objects out of 1000 (max. 8388607)
 0 named destinations out of 1000 (max. 500000)
 6 words of extra memory for PDF output out of 10000 (max. 10000000)

